This is pdfTeX, Version 3.14159265-2.6-1.40.21 (TeX Live 2020) (preloaded format=pdflatex 2021.10.5)  21 NOV 2021 13:56
entering extended mode
 restricted \write18 enabled.
 %&-line parsing enabled.
**task_2.tex
(/usr/share/texlive/texmf-dist/tex/latex/tools/q.tex
LaTeX2e <2020-02-02> patch level 5
L3 programming layer <2020-04-06> File ignored
)
! Emergency stop.
<*> task_2.tex
              
*** (job aborted, no legal \end found)

 
Here is how much of TeX's memory you used:
 18 strings out of 480623
 500 string characters out of 5906692
 239590 words of memory out of 6000000
 16011 multiletter control sequences out of 15000+600000
 532338 words of font info for 24 fonts, out of 8000000 for 9000
 1137 hyphenation exceptions out of 8191
 12i,0n,15p,90b,8s stack positions out of 5000i,500n,10000p,200000b,80000s
!  ==> Fatal error occurred, no output PDF file produced!
